
20120130 (Chaipau)

Corrected:

অকস্মাত্ * অকস্মাৎ
অকিঞ্চিত্‍কৰ * অকিঞ্চিৎকৰ
অনুত্‍সাহ * অনুৎসাহ
অসত্‍ * অসৎ
অৰ্থাত্‍ * অৰ্থাৎ
আত্মোত্‍সৰ্গ * আত্মোৎসৰ্গ  HK
ইজ্জত্‍ * ইজ্জৎ
ঈষত্‍ * ঈষৎ
উত্‍ * উৎ
উত্‍কট * উৎকট
উত্‍কণ্ঠ * উৎকণ্ঠ 
উত্‍কণ্ঠা * উৎকণ্ঠা
উত্‍কীৰ্ণ * উৎকীৰ্ণ 
উত্‍কৃষ্ট * উৎকৃষ্ট
উত্‍ক্ৰম * উৎক্ৰম
উত্‍ক্ৰান্ত * উৎক্ৰান্ত
উত্‍কৰ্ণ * উৎকৰ্ণ
উত্‍কৰ্ষ * উৎকৰ্ষ
উত্‍খাত * উৎখাত
উত্‍পতীয়া * উৎপতীয়া
উত্‍পত্তি * উৎপত্তি 
উত্‍পন * উৎপন
উত্‍পন্ন * উৎপন্ন
উত্‍পল * উৎপল
উত্‍পাটন * উৎপাটন
উত্‍পাত * উৎপাত
উত্‍পাদক * উৎপাদক
উত্‍পীড়ক * উৎপীড়ক
উত্‍পীড়ন * উৎপীড়ন
উত্‍ফুল্ল * উৎফুল্ল
উত্‍স * উৎস
উত্‍সন্ন * উৎসন্ন
উত্‍সাদন * উৎসাদন
উত্‍সাহ * উৎসাহ
উত্‍সুক * উৎসুক
উত্‍সৃষ্ট * উৎসৃষ্ট
উত্‍সৰ্গ * উৎসৰ্গ 
উত্‍সৱ * উৎসৱ
উত্‍‌ক্ষিপ্ত * উৎক্ষিপ্ত
উত্‍‌ক্ষেপন * উৎক্ষেপন
উত্‍‍কোচ * উৎকোচ
ঔত্‍পাতিক * ঔৎপাতিক
ঔত্‍সুক্য * ঔৎসুক্য
কছৰত্‍ * কছৰৎ
কত্‍‌বেল * কৎবেল (HK কত্‍‌বেল)
কথঞ্চিত্‍ * কথঞ্চিৎ 
কাচিত্‍ * কাচিৎ
কিঞ্চিত্‍ * কিঞ্চিৎ
কিঞ্চিত্‍মাত্ৰ * কিঞ্চিৎমাত্ৰ 
কিঞ্চিত্‍মান * কিঞ্চিৎমান
কিয়ত্‍ * কিয়ৎ 
কুত্‍সিত * কুৎসিত
কৃত্‍ * কৃৎ
ক্ৰমাত্‍ * ক্ৰমাৎ
গত্‍ * গৎ
চমত্‍কাৰ * চমৎকাৰ
চলত্‍শক্তি * চলৎশক্তি (HK)
চিকিত্‍সক * চিকিৎসক
চিকিত্‍সা * চিকিৎসা
জমানত্‍ * জমানৎ
জহৰত্‌ * জহৰত 
জিত্‌ * জিত
জ্যোত্‍স্না * জ্যোৎস্না
ঢুত্‍ * ঢুৎ
তড়িত্‍ * তড়িৎ
তত্‍কালে * তৎকালে
তত্‍ক্ষণাত্‍ * তৎক্ষণাৎ
তত্‍পুৰুষ * তৎপুৰুষ
তত্‍পৰ * তৎপৰ
তত্‍সম * তৎসম
তাত্‍পৰ্য * তাৎপৰ্য
দৈৱাত্‍ * দৈৱাৎ
ধেত্‍তেৰি * ধেৎতেৰি
ধে‍ত্‍ * ধেৎ
নচেত্‍ * নচেৎ
নাতিবৃহত্‍ * নাতিবৃহৎ (HK)
নিৰুত্‍পাত * নিৰুৎপাত
নিৰুত্‍সাহ  * নিৰু ৎসাহ
নিৰুত্‍সুক * নিৰুৎসুক
পিতপিত্‌ * পিত্‍‍পিত্‌ 
প্ৰসেনজিত্ * প্ৰসেনজিৎ
পৰাত্‍পৰ * পৰাৎপৰ
ফল্গুত্‍সৱ * ফল্গুৎসৱ
ফুৰচত্‍ * ফুৰচৎ
বত্‍ * বৎ
বত্‍স * বৎস
বত্‍সল * বৎসল
বত্‍সৰ * বৎসৰ
বলাত্‍কাৰ * বলাৎকাৰ
বলৱত্‍ * বলৱৎ
বাত্‍সল্য * বাৎসল্য
বাত্‍সৰিক * বাৎসৰিক
বিদ্যুত্‍ * বিদ্যুৎ
বুত্‍পত্তি * বুৎপত্তি
বৃষোত্‍সৰ্গ * বৃষোৎসৰ্গ 
বৃহত্‍ * বৃহৎ
ভৱিষ্যত্‍ * ভৱিষ্যৎ
মত্‍স্য * মৎস্য
মত্‍স্যাশী * মৎস্যাশী
মত্‍সৰ * মৎসৰ
মদনোত্‍সৱ * মদনেৎসৱ
মহত্‍ * মহৎ
মহোত্‍সৱ * মহোৎসৱ
মাৰফত্‍ * মাৰফৎ
মৃত্‍ * মৃৎ
মোলাকাত্‍ * মোলাকাৎ
মৰুত্‍ * মৰুৎ
যত্‍পৰোনাস্তি * যৎপৰোনাস্তি
যত্‍‌কিঞ্চিত্‍ * যৎকিঞ্চিৎ
যাৱত্‍ * যাৱৎ
যুযুত্‍সা * যুযুৎসা
যুযুত্‍সু * যুযুৎসু
শৰত্‍ * শৰৎ
সংগীত্জ্ঞই ** সংগীতজ্ঞই (HK)  
সত্‍ * সৎ
সত্‍কাৰ * সৎকাৰ
সমুত্‍পন্ন * সমুৎপন্ন
সমুত্‍পাটন * সমুৎপাটন
সম্বত্‍ * সম্বৎ
সম্বত্‍সৰ * সম্বৎসৰ
সাউত্‍কৰে * সাউৎকৰে
সাক্ষাত্‍ *  সাক্ষাৎ
সাম্বত্‍সাৰিক  * সাম্বৎসাৰিক
হজৰত্‍ * হজৰৎ
হঠাত্‍ * হঠাৎ
হুৰমত্‍ * হুৰমৎ
হৃত্‍ * হৃৎ
হৰি‍ত্‍ * হৰিৎ
ৰক্তোত্‍পল * ৰক্তোৎপল

Retained (correct)

আত্‌লচ্‌ # আত্‌লচ্‌  
ওভত্‌ # ওভত্
কেত্‌কুৰি # কেত্‌কুৰি (same in AOO, no word in HK)
চিন্ত্ #
জিত্‍ # 
তত্  #
তিত্‌ #
থত্‌মত্‌ #
থুত্‌ #
দণ্ডৱত্‌ #
ধিত্‌পিলিঙা #
পাত্‌ # 
ফিৰত্‌ #
বৰ্ত্‌ #
ভাস্বত্‌ #
মত্‌গজ #
মাত্‌   #
মূত্‌ #
সত্‌ৰঞ্চি #

Reatined (unknown)

ঈদল্‌ফিত্‌ৰ ? ঈদল্‌ফিত্‌ৰ this needs a reaccess
কত্‍সা ?
কেয়ামত্‍ ? 
ক্বচিত্‍ ?
ভৰ্ত্‍ ??
যুগপত্‍ ??
